This file contains any messages produced by compilers while
running configure, to aid debugging if configure makes a mistake.

It was created by kind2 configure 0.1, which was
generated by GNU Autoconf 2.69.  Invocation command line was

  $ ./configure 

## --------- ##
## Platform. ##
## --------- ##

hostname = wireless-nat-inside.uiowa.edu
uname -m = x86_64
uname -r = 11.4.2
uname -s = Darwin
uname -v = Darwin Kernel Version 11.4.2: Thu Aug 23 16:25:48 PDT 2012; root:xnu-1699.32.7~1/RELEASE_X86_64

/usr/bin/uname -p = i386
/bin/uname -X     = unknown

/bin/arch              = unknown
/usr/bin/arch -k       = unknown
/usr/convex/getsysinfo = unknown
/usr/bin/hostinfo      = Mach kernel version:
	 Darwin Kernel Version 11.4.2: Thu Aug 23 16:25:48 PDT 2012; root:xnu-1699.32.7~1/RELEASE_X86_64
Kernel configured for up to 4 processors.
2 processors are physically available.
4 processors are logically available.
Processor type: i486 (Intel 80486)
Processors active: 0 1 2 3
Primary memory available: 8.00 gigabytes
Default processor set: 104 tasks, 600 threads, 4 processors
Load average: 1.54, Mach factor: 2.45
/bin/machine           = unknown
/usr/bin/oslevel       = unknown
/bin/universe          = unknown

PATH: /usr/bin
PATH: /bin
PATH: /usr/sbin
PATH: /sbin
PATH: /usr/local/bin
PATH: /usr/X11/bin
PATH: /usr/local/git/bin
PATH: /usr/texbin
PATH: /opt/local
PATH: /opt/local/bin


## ----------- ##
## Core tests. ##
## ----------- ##

configure:1841: checking for ocamlc
configure:1857: found /usr/local/bin/ocamlc
configure:1868: result: ocamlc
configure:1893: result: OCaml version is 4.00.1
configure:1902: result: OCaml library path is /usr/local/lib/ocaml
configure:1952: checking for ocamlopt
configure:1968: found /usr/local/bin/ocamlopt
configure:1979: result: ocamlopt
configure:2062: checking for ocamlc.opt
configure:2078: found /usr/local/bin/ocamlc.opt
configure:2089: result: ocamlc.opt
configure:2166: checking for ocamlopt.opt
configure:2182: found /usr/local/bin/ocamlopt.opt
configure:2193: result: ocamlopt.opt
configure:2275: checking for ocaml
configure:2291: found /usr/local/bin/ocaml
configure:2302: result: ocaml
configure:2369: checking for ocamldep
configure:2385: found /usr/local/bin/ocamldep
configure:2396: result: ocamldep
configure:2463: checking for ocamlmktop
configure:2479: found /usr/local/bin/ocamlmktop
configure:2490: result: ocamlmktop
configure:2557: checking for ocamlmklib
configure:2573: found /usr/local/bin/ocamlmklib
configure:2584: result: ocamlmklib
configure:2651: checking for ocamldoc
configure:2667: found /usr/local/bin/ocamldoc
configure:2678: result: ocamldoc
configure:2745: checking for ocamlbuild
configure:2761: found /usr/local/bin/ocamlbuild
configure:2772: result: ocamlbuild
configure:2851: checking for camlp4
configure:2867: found /usr/local/bin/camlp4
configure:2878: result: camlp4
configure:2954: checking for camlp4boot
configure:2970: found /usr/local/bin/camlp4boot
configure:2981: result: camlp4boot
configure:3046: checking for camlp4o
configure:3062: found /usr/local/bin/camlp4o
configure:3073: result: camlp4o
configure:3138: checking for camlp4of
configure:3154: found /usr/local/bin/camlp4of
configure:3165: result: camlp4of
configure:3230: checking for camlp4oof
configure:3246: found /usr/local/bin/camlp4oof
configure:3257: result: camlp4oof
configure:3322: checking for camlp4orf
configure:3338: found /usr/local/bin/camlp4orf
configure:3349: result: camlp4orf
configure:3414: checking for camlp4prof
configure:3430: found /usr/local/bin/camlp4prof
configure:3441: result: camlp4prof
configure:3506: checking for camlp4r
configure:3522: found /usr/local/bin/camlp4r
configure:3533: result: camlp4r
configure:3598: checking for camlp4rf
configure:3614: found /usr/local/bin/camlp4rf
configure:3625: result: camlp4rf
configure:3706: checking for ocamlfind
configure:3722: found /usr/local/bin/ocamlfind
configure:3733: result: ocamlfind
configure:3811: checking for gcc
configure:3827: found /usr/bin/gcc
configure:3838: result: gcc
configure:4067: checking for C compiler version
configure:4076: gcc --version >&5
i686-apple-darwin11-llvm-gcc-4.2 (GCC) 4.2.1 (Based on Apple Inc. build 5658) (LLVM build 2336.11.00)
Copyright (C) 2007 Free Software Foundation, Inc.
This is free software; see the source for copying conditions.  There is NO
warranty; not even for MERCHANTABILITY or FITNESS FOR A PARTICULAR PURPOSE.

configure:4087: $? = 0
configure:4076: gcc -v >&5
Using built-in specs.
Target: i686-apple-darwin11
Configured with: /private/var/tmp/llvmgcc42/llvmgcc42-2336.11~28/src/configure --disable-checking --enable-werror --prefix=/Applications/Xcode.app/Contents/Developer/usr/llvm-gcc-4.2 --mandir=/share/man --enable-languages=c,objc,c++,obj-c++ --program-prefix=llvm- --program-transform-name=/^[cg][^.-]*$/s/$/-4.2/ --with-slibdir=/usr/lib --build=i686-apple-darwin11 --enable-llvm=/private/var/tmp/llvmgcc42/llvmgcc42-2336.11~28/dst-llvmCore/Developer/usr/local --program-prefix=i686-apple-darwin11- --host=x86_64-apple-darwin11 --target=i686-apple-darwin11 --with-gxx-include-dir=/usr/include/c++/4.2.1
Thread model: posix
gcc version 4.2.1 (Based on Apple Inc. build 5658) (LLVM build 2336.11.00)
configure:4087: $? = 0
configure:4076: gcc -V >&5
llvm-gcc-4.2: argument to `-V' is missing
configure:4087: $? = 1
configure:4076: gcc -qversion >&5
i686-apple-darwin11-llvm-gcc-4.2: no input files
configure:4087: $? = 1
configure:4107: checking whether the C compiler works
configure:4129: gcc    conftest.c  >&5
configure:4133: $? = 0
configure:4181: result: yes
configure:4184: checking for C compiler default output file name
configure:4186: result: a.out
configure:4192: checking for suffix of executables
configure:4199: gcc -o conftest    conftest.c  >&5
configure:4203: $? = 0
configure:4225: result: 
configure:4247: checking whether we are cross compiling
configure:4255: gcc -o conftest    conftest.c  >&5
configure:4259: $? = 0
configure:4266: ./conftest
configure:4270: $? = 0
configure:4285: result: no
configure:4290: checking for suffix of object files
configure:4312: gcc -c   conftest.c >&5
configure:4316: $? = 0
configure:4337: result: o
configure:4341: checking whether we are using the GNU C compiler
configure:4360: gcc -c   conftest.c >&5
configure:4360: $? = 0
configure:4369: result: yes
configure:4378: checking whether gcc accepts -g
configure:4398: gcc -c -g  conftest.c >&5
configure:4398: $? = 0
configure:4439: result: yes
configure:4456: checking for gcc option to accept ISO C89
configure:4519: gcc  -c -g -O2  conftest.c >&5
configure:4519: $? = 0
configure:4532: result: none needed
configure:4607: checking for z3
configure:4625: found /usr/bin/z3
configure:4638: result: /usr/bin/z3
configure:4691: checking for cvc4
configure:4722: result: no
configure:4789: Z3 is the default solver
configure:4860: checking for iz3
configure:4891: result: no
configure:5114: creating ./config.status

## ---------------------- ##
## Running config.status. ##
## ---------------------- ##

This file was extended by kind2 config.status 0.1, which was
generated by GNU Autoconf 2.69.  Invocation command line was

  CONFIG_FILES    = 
  CONFIG_HEADERS  = 
  CONFIG_LINKS    = 
  CONFIG_COMMANDS = 
  $ ./config.status 

on wireless-nat-inside.uiowa.edu

config.status:756: creating Makefile
config.status:756: creating src/Makefile
config.status:756: creating src/myocamlbuild.ml
config.status:756: creating src/config.ml
config.status:756: creating src/flags.ml
config.status:756: creating src/kind1/solvers_path.ml
configure:6190: === configuring in ocamlczmq (/Users/pmtruth/Desktop/kind2/ocamlczmq)
configure:6253: running /bin/sh ./configure --disable-option-checking '--prefix=/usr/local'  --cache-file=/dev/null --srcdir=.

## ---------------- ##
## Cache variables. ##
## ---------------- ##

ac_cv_c_compiler_gnu=yes
ac_cv_env_CC_set=
ac_cv_env_CC_value=
ac_cv_env_CFLAGS_set=
ac_cv_env_CFLAGS_value=
ac_cv_env_CPPFLAGS_set=
ac_cv_env_CPPFLAGS_value=
ac_cv_env_LDFLAGS_set=
ac_cv_env_LDFLAGS_value=
ac_cv_env_LIBS_set=
ac_cv_env_LIBS_value=
ac_cv_env_build_alias_set=
ac_cv_env_build_alias_value=
ac_cv_env_host_alias_set=
ac_cv_env_host_alias_value=
ac_cv_env_target_alias_set=
ac_cv_env_target_alias_value=
ac_cv_objext=o
ac_cv_path_with_cvc4=no
ac_cv_path_with_iz3=no
ac_cv_path_with_z3=/usr/bin/z3
ac_cv_prog_ac_ct_CAMLP4=camlp4
ac_cv_prog_ac_ct_CAMLP4BOOT=camlp4boot
ac_cv_prog_ac_ct_CAMLP4O=camlp4o
ac_cv_prog_ac_ct_CAMLP4OF=camlp4of
ac_cv_prog_ac_ct_CAMLP4OOF=camlp4oof
ac_cv_prog_ac_ct_CAMLP4ORF=camlp4orf
ac_cv_prog_ac_ct_CAMLP4PROF=camlp4prof
ac_cv_prog_ac_ct_CAMLP4R=camlp4r
ac_cv_prog_ac_ct_CAMLP4RF=camlp4rf
ac_cv_prog_ac_ct_CC=gcc
ac_cv_prog_ac_ct_OCAML=ocaml
ac_cv_prog_ac_ct_OCAMLBUILD=ocamlbuild
ac_cv_prog_ac_ct_OCAMLC=ocamlc
ac_cv_prog_ac_ct_OCAMLCDOTOPT=ocamlc.opt
ac_cv_prog_ac_ct_OCAMLDEP=ocamldep
ac_cv_prog_ac_ct_OCAMLDOC=ocamldoc
ac_cv_prog_ac_ct_OCAMLFIND=ocamlfind
ac_cv_prog_ac_ct_OCAMLMKLIB=ocamlmklib
ac_cv_prog_ac_ct_OCAMLMKTOP=ocamlmktop
ac_cv_prog_ac_ct_OCAMLOPT=ocamlopt
ac_cv_prog_ac_ct_OCAMLOPTDOTOPT=ocamlopt.opt
ac_cv_prog_cc_c89=
ac_cv_prog_cc_g=yes

## ----------------- ##
## Output variables. ##
## ----------------- ##

CAMLP4='camlp4'
CAMLP4BOOT='camlp4boot'
CAMLP4O='camlp4o'
CAMLP4OF='camlp4of'
CAMLP4OOF='camlp4oof'
CAMLP4ORF='camlp4orf'
CAMLP4PROF='camlp4prof'
CAMLP4R='camlp4r'
CAMLP4RF='camlp4rf'
CC='gcc'
CFLAGS='-g -O2'
CPPFLAGS=''
CVC4_BIN=''
DEFS='-DPACKAGE_NAME=\"kind2\" -DPACKAGE_TARNAME=\"kind2\" -DPACKAGE_VERSION=\"0.1\" -DPACKAGE_STRING=\"kind2\ 0.1\" -DPACKAGE_BUGREPORT=\"christoph-sticksel@uiowa.edu\" -DPACKAGE_URL=\"\"'
ECHO_C='\c'
ECHO_N=''
ECHO_T=''
EXEEXT=''
IZ3_BIN=''
LDFLAGS=''
LIBOBJS=''
LIBS=''
LTLIBOBJS=''
OBJEXT='o'
OCAML='ocaml'
OCAMLBEST='opt'
OCAMLBUILD='ocamlbuild'
OCAMLC='ocamlc.opt'
OCAMLCDOTOPT='ocamlc.opt'
OCAMLDEP='ocamldep'
OCAMLDOC='ocamldoc'
OCAMLFIND='ocamlfind'
OCAMLLIB='/usr/local/lib/ocaml'
OCAMLMKLIB='ocamlmklib'
OCAMLMKTOP='ocamlmktop'
OCAMLOPT='ocamlopt.opt'
OCAMLOPTDOTOPT='ocamlopt.opt'
OCAMLVERSION='4.00.1'
PACKAGE_BUGREPORT='christoph-sticksel@uiowa.edu'
PACKAGE_NAME='kind2'
PACKAGE_STRING='kind2 0.1'
PACKAGE_TARNAME='kind2'
PACKAGE_URL=''
PACKAGE_VERSION='0.1'
PATH_SEPARATOR=':'
SHELL='/bin/sh'
SMTSOLVER='SMTLIBSolver'
Z3_BIN='/usr/bin/z3'
ac_ct_CC='gcc'
bindir='${exec_prefix}/bin'
build_alias=''
datadir='${datarootdir}'
datarootdir='${prefix}/share'
docdir='${datarootdir}/doc/${PACKAGE_TARNAME}'
dvidir='${docdir}'
exec_prefix='${prefix}'
host_alias=''
htmldir='${docdir}'
includedir='${prefix}/include'
infodir='${datarootdir}/info'
libdir='${exec_prefix}/lib'
libexecdir='${exec_prefix}/libexec'
localedir='${datarootdir}/locale'
localstatedir='${prefix}/var'
mandir='${datarootdir}/man'
oldincludedir='/usr/include'
pdfdir='${docdir}'
prefix='/usr/local'
program_transform_name='s,x,x,'
psdir='${docdir}'
sbindir='${exec_prefix}/sbin'
sharedstatedir='${prefix}/com'
static_camlp4_debug=''
subdirs=' ocamlczmq'
sysconfdir='${prefix}/etc'
target_alias=''
with_cvc4='no'
with_iz3='no'
with_z3='/usr/bin/z3'

## ----------- ##
## confdefs.h. ##
## ----------- ##

/* confdefs.h */
#define PACKAGE_NAME "kind2"
#define PACKAGE_TARNAME "kind2"
#define PACKAGE_VERSION "0.1"
#define PACKAGE_STRING "kind2 0.1"
#define PACKAGE_BUGREPORT "christoph-sticksel@uiowa.edu"
#define PACKAGE_URL ""

configure: exit 0

## ---------------------- ##
## Running config.status. ##
## ---------------------- ##

This file was extended by kind2 config.status 0.1, which was
generated by GNU Autoconf 2.69.  Invocation command line was

  CONFIG_FILES    = 
  CONFIG_HEADERS  = 
  CONFIG_LINKS    = 
  CONFIG_COMMANDS = 
  $ ./config.status 

on dpmlh008.divms.uiowa.edu

config.status:756: creating Makefile
config.status:756: creating src/Makefile
config.status:756: creating src/myocamlbuild.ml
config.status:756: creating src/config.ml
config.status:756: creating src/flags.ml
config.status:756: creating src/kind1/solvers_path.ml
