This file contains any messages produced by compilers while
running configure, to aid debugging if configure makes a mistake.

It was created by ocamlczmq configure 0.9, which was
generated by GNU Autoconf 2.69.  Invocation command line was

  $ ./configure --with-czmq

## --------- ##
## Platform. ##
## --------- ##

hostname = wireless-nat-inside.uiowa.edu
uname -m = x86_64
uname -r = 11.4.2
uname -s = Darwin
uname -v = Darwin Kernel Version 11.4.2: Thu Aug 23 16:25:48 PDT 2012; root:xnu-1699.32.7~1/RELEASE_X86_64

/usr/bin/uname -p = i386
/bin/uname -X     = unknown

/bin/arch              = unknown
/usr/bin/arch -k       = unknown
/usr/convex/getsysinfo = unknown
/usr/bin/hostinfo      = Mach kernel version:
	 Darwin Kernel Version 11.4.2: Thu Aug 23 16:25:48 PDT 2012; root:xnu-1699.32.7~1/RELEASE_X86_64
Kernel configured for up to 4 processors.
2 processors are physically available.
4 processors are logically available.
Processor type: i486 (Intel 80486)
Processors active: 0 1 2 3
Primary memory available: 8.00 gigabytes
Default processor set: 105 tasks, 637 threads, 4 processors
Load average: 2.96, Mach factor: 1.16
/bin/machine           = unknown
/usr/bin/oslevel       = unknown
/bin/universe          = unknown

PATH: /usr/bin
PATH: /bin
PATH: /usr/sbin
PATH: /sbin
PATH: /usr/local/bin
PATH: /usr/X11/bin
PATH: /usr/local/git/bin
PATH: /usr/texbin
PATH: /opt/local
PATH: /opt/local/bin


## ----------- ##
## Core tests. ##
## ----------- ##

configure:1873: checking for gcc
configure:1889: found /usr/bin/gcc
configure:1900: result: gcc
configure:2129: checking for C compiler version
configure:2138: gcc --version >&5
i686-apple-darwin11-llvm-gcc-4.2 (GCC) 4.2.1 (Based on Apple Inc. build 5658) (LLVM build 2336.11.00)
Copyright (C) 2007 Free Software Foundation, Inc.
This is free software; see the source for copying conditions.  There is NO
warranty; not even for MERCHANTABILITY or FITNESS FOR A PARTICULAR PURPOSE.

configure:2149: $? = 0
configure:2138: gcc -v >&5
Using built-in specs.
Target: i686-apple-darwin11
Configured with: /private/var/tmp/llvmgcc42/llvmgcc42-2336.11~28/src/configure --disable-checking --enable-werror --prefix=/Applications/Xcode.app/Contents/Developer/usr/llvm-gcc-4.2 --mandir=/share/man --enable-languages=c,objc,c++,obj-c++ --program-prefix=llvm- --program-transform-name=/^[cg][^.-]*$/s/$/-4.2/ --with-slibdir=/usr/lib --build=i686-apple-darwin11 --enable-llvm=/private/var/tmp/llvmgcc42/llvmgcc42-2336.11~28/dst-llvmCore/Developer/usr/local --program-prefix=i686-apple-darwin11- --host=x86_64-apple-darwin11 --target=i686-apple-darwin11 --with-gxx-include-dir=/usr/include/c++/4.2.1
Thread model: posix
gcc version 4.2.1 (Based on Apple Inc. build 5658) (LLVM build 2336.11.00)
configure:2149: $? = 0
configure:2138: gcc -V >&5
llvm-gcc-4.2: argument to `-V' is missing
configure:2149: $? = 1
configure:2138: gcc -qversion >&5
i686-apple-darwin11-llvm-gcc-4.2: no input files
configure:2149: $? = 1
configure:2169: checking whether the C compiler works
configure:2191: gcc    conftest.c  >&5
configure:2195: $? = 0
configure:2243: result: yes
configure:2246: checking for C compiler default output file name
configure:2248: result: a.out
configure:2254: checking for suffix of executables
configure:2261: gcc -o conftest    conftest.c  >&5
configure:2265: $? = 0
configure:2287: result: 
configure:2309: checking whether we are cross compiling
configure:2317: gcc -o conftest    conftest.c  >&5
configure:2321: $? = 0
configure:2328: ./conftest
configure:2332: $? = 0
configure:2347: result: no
configure:2352: checking for suffix of object files
configure:2374: gcc -c   conftest.c >&5
configure:2378: $? = 0
configure:2399: result: o
configure:2403: checking whether we are using the GNU C compiler
configure:2422: gcc -c   conftest.c >&5
configure:2422: $? = 0
configure:2431: result: yes
configure:2440: checking whether gcc accepts -g
configure:2460: gcc -c -g  conftest.c >&5
configure:2460: $? = 0
configure:2501: result: yes
configure:2518: checking for gcc option to accept ISO C89
configure:2581: gcc  -c -g -O2  conftest.c >&5
configure:2581: $? = 0
configure:2594: result: none needed
configure:2615: checking for pthread_create in -lpthread
configure:2640: gcc -o conftest -g -O2   conftest.c -lpthread   >&5
configure:2640: $? = 0
configure:2649: result: yes
configure:2660: checking for clock_gettime in -lrt
configure:2685: gcc -o conftest -g -O2   conftest.c -lrt  -lpthread  >&5
ld: library not found for -lrt
collect2: ld returned 1 exit status
configure:2685: $? = 1
configure: failed program was:
| /* confdefs.h */
| #define PACKAGE_NAME "ocamlczmq"
| #define PACKAGE_TARNAME "ocamlczmq"
| #define PACKAGE_VERSION "0.9"
| #define PACKAGE_STRING "ocamlczmq 0.9"
| #define PACKAGE_BUGREPORT "christoph-sticksel@uiowa.edu"
| #define PACKAGE_URL ""
| #define HAVE_LIBPTHREAD 1
| /* end confdefs.h.  */
| 
| /* Override any GCC internal prototype to avoid an error.
|    Use char because int might match the return type of a GCC
|    builtin and then its argument prototype would still apply.  */
| #ifdef __cplusplus
| extern "C"
| #endif
| char clock_gettime ();
| int
| main ()
| {
| return clock_gettime ();
|   ;
|   return 0;
| }
configure:2694: result: no
configure:2751: checking for ocamlc
configure:2767: found /usr/local/bin/ocamlc
configure:2778: result: ocamlc
configure:2803: result: OCaml version is 4.00.1
configure:2812: result: OCaml library path is /usr/local/lib/ocaml
configure:2862: checking for ocamlopt
configure:2878: found /usr/local/bin/ocamlopt
configure:2889: result: ocamlopt
configure:2972: checking for ocamlc.opt
configure:2988: found /usr/local/bin/ocamlc.opt
configure:2999: result: ocamlc.opt
configure:3076: checking for ocamlopt.opt
configure:3092: found /usr/local/bin/ocamlopt.opt
configure:3103: result: ocamlopt.opt
configure:3185: checking for ocaml
configure:3201: found /usr/local/bin/ocaml
configure:3212: result: ocaml
configure:3279: checking for ocamldep
configure:3295: found /usr/local/bin/ocamldep
configure:3306: result: ocamldep
configure:3373: checking for ocamlmktop
configure:3389: found /usr/local/bin/ocamlmktop
configure:3400: result: ocamlmktop
configure:3467: checking for ocamlmklib
configure:3483: found /usr/local/bin/ocamlmklib
configure:3494: result: ocamlmklib
configure:3561: checking for ocamldoc
configure:3577: found /usr/local/bin/ocamldoc
configure:3588: result: ocamldoc
configure:3655: checking for ocamlbuild
configure:3671: found /usr/local/bin/ocamlbuild
configure:3682: result: ocamlbuild
configure:3761: checking for camlp4
configure:3777: found /usr/local/bin/camlp4
configure:3788: result: camlp4
configure:3864: checking for camlp4boot
configure:3880: found /usr/local/bin/camlp4boot
configure:3891: result: camlp4boot
configure:3956: checking for camlp4o
configure:3972: found /usr/local/bin/camlp4o
configure:3983: result: camlp4o
configure:4048: checking for camlp4of
configure:4064: found /usr/local/bin/camlp4of
configure:4075: result: camlp4of
configure:4140: checking for camlp4oof
configure:4156: found /usr/local/bin/camlp4oof
configure:4167: result: camlp4oof
configure:4232: checking for camlp4orf
configure:4248: found /usr/local/bin/camlp4orf
configure:4259: result: camlp4orf
configure:4324: checking for camlp4prof
configure:4340: found /usr/local/bin/camlp4prof
configure:4351: result: camlp4prof
configure:4416: checking for camlp4r
configure:4432: found /usr/local/bin/camlp4r
configure:4443: result: camlp4r
configure:4508: checking for camlp4rf
configure:4524: found /usr/local/bin/camlp4rf
configure:4535: result: camlp4rf
configure:4616: checking for ocamlfind
configure:4632: found /usr/local/bin/ocamlfind
configure:4643: result: ocamlfind
configure:4721: checking for gcc
configure:4748: result: gcc
configure:4977: checking for C compiler version
configure:4986: gcc --version >&5
i686-apple-darwin11-llvm-gcc-4.2 (GCC) 4.2.1 (Based on Apple Inc. build 5658) (LLVM build 2336.11.00)
Copyright (C) 2007 Free Software Foundation, Inc.
This is free software; see the source for copying conditions.  There is NO
warranty; not even for MERCHANTABILITY or FITNESS FOR A PARTICULAR PURPOSE.

configure:4997: $? = 0
configure:4986: gcc -v >&5
Using built-in specs.
Target: i686-apple-darwin11
Configured with: /private/var/tmp/llvmgcc42/llvmgcc42-2336.11~28/src/configure --disable-checking --enable-werror --prefix=/Applications/Xcode.app/Contents/Developer/usr/llvm-gcc-4.2 --mandir=/share/man --enable-languages=c,objc,c++,obj-c++ --program-prefix=llvm- --program-transform-name=/^[cg][^.-]*$/s/$/-4.2/ --with-slibdir=/usr/lib --build=i686-apple-darwin11 --enable-llvm=/private/var/tmp/llvmgcc42/llvmgcc42-2336.11~28/dst-llvmCore/Developer/usr/local --program-prefix=i686-apple-darwin11- --host=x86_64-apple-darwin11 --target=i686-apple-darwin11 --with-gxx-include-dir=/usr/include/c++/4.2.1
Thread model: posix
gcc version 4.2.1 (Based on Apple Inc. build 5658) (LLVM build 2336.11.00)
configure:4997: $? = 0
configure:4986: gcc -V >&5
llvm-gcc-4.2: argument to `-V' is missing
configure:4997: $? = 1
configure:4986: gcc -qversion >&5
i686-apple-darwin11-llvm-gcc-4.2: no input files
configure:4997: $? = 1
configure:5001: checking whether we are using the GNU C compiler
configure:5029: result: yes
configure:5038: checking whether gcc accepts -g
configure:5099: result: yes
configure:5116: checking for gcc option to accept ISO C89
configure:5192: result: none needed
configure:5430: creating ./config.status

## ---------------------- ##
## Running config.status. ##
## ---------------------- ##

This file was extended by ocamlczmq config.status 0.9, which was
generated by GNU Autoconf 2.69.  Invocation command line was

  CONFIG_FILES    = 
  CONFIG_HEADERS  = 
  CONFIG_LINKS    = 
  CONFIG_COMMANDS = 
  $ ./config.status 

on wireless-nat-inside.uiowa.edu

config.status:744: creating Makefile
config.status:744: creating src/Makefile
configure:6502: === configuring in czmq (/Users/pmtruth/Desktop/kind2/ocamlczmq/czmq)
configure:6565: running /bin/sh ./configure.gnu --disable-option-checking '--prefix=/usr/local'  '--with-czmq' --cache-file=/dev/null --srcdir=.

## ---------------- ##
## Cache variables. ##
## ---------------- ##

ac_cv_c_compiler_gnu=yes
ac_cv_env_CC_set=
ac_cv_env_CC_value=
ac_cv_env_CFLAGS_set=
ac_cv_env_CFLAGS_value=
ac_cv_env_CPPFLAGS_set=
ac_cv_env_CPPFLAGS_value=
ac_cv_env_LDFLAGS_set=
ac_cv_env_LDFLAGS_value=
ac_cv_env_LIBS_set=
ac_cv_env_LIBS_value=
ac_cv_env_build_alias_set=
ac_cv_env_build_alias_value=
ac_cv_env_host_alias_set=
ac_cv_env_host_alias_value=
ac_cv_env_target_alias_set=
ac_cv_env_target_alias_value=
ac_cv_lib_pthread_pthread_create=yes
ac_cv_lib_rt_clock_gettime=no
ac_cv_objext=o
ac_cv_prog_ac_ct_CAMLP4=camlp4
ac_cv_prog_ac_ct_CAMLP4BOOT=camlp4boot
ac_cv_prog_ac_ct_CAMLP4O=camlp4o
ac_cv_prog_ac_ct_CAMLP4OF=camlp4of
ac_cv_prog_ac_ct_CAMLP4OOF=camlp4oof
ac_cv_prog_ac_ct_CAMLP4ORF=camlp4orf
ac_cv_prog_ac_ct_CAMLP4PROF=camlp4prof
ac_cv_prog_ac_ct_CAMLP4R=camlp4r
ac_cv_prog_ac_ct_CAMLP4RF=camlp4rf
ac_cv_prog_ac_ct_CC=gcc
ac_cv_prog_ac_ct_OCAML=ocaml
ac_cv_prog_ac_ct_OCAMLBUILD=ocamlbuild
ac_cv_prog_ac_ct_OCAMLC=ocamlc
ac_cv_prog_ac_ct_OCAMLCDOTOPT=ocamlc.opt
ac_cv_prog_ac_ct_OCAMLDEP=ocamldep
ac_cv_prog_ac_ct_OCAMLDOC=ocamldoc
ac_cv_prog_ac_ct_OCAMLFIND=ocamlfind
ac_cv_prog_ac_ct_OCAMLMKLIB=ocamlmklib
ac_cv_prog_ac_ct_OCAMLMKTOP=ocamlmktop
ac_cv_prog_ac_ct_OCAMLOPT=ocamlopt
ac_cv_prog_ac_ct_OCAMLOPTDOTOPT=ocamlopt.opt
ac_cv_prog_cc_c89=
ac_cv_prog_cc_g=yes

## ----------------- ##
## Output variables. ##
## ----------------- ##

CAMLP4='camlp4'
CAMLP4BOOT='camlp4boot'
CAMLP4O='camlp4o'
CAMLP4OF='camlp4of'
CAMLP4OOF='camlp4oof'
CAMLP4ORF='camlp4orf'
CAMLP4PROF='camlp4prof'
CAMLP4R='camlp4r'
CAMLP4RF='camlp4rf'
CC='gcc'
CFLAGS='-g -O2'
CPPFLAGS=''
DEFS='-DPACKAGE_NAME=\"ocamlczmq\" -DPACKAGE_TARNAME=\"ocamlczmq\" -DPACKAGE_VERSION=\"0.9\" -DPACKAGE_STRING=\"ocamlczmq\ 0.9\" -DPACKAGE_BUGREPORT=\"christoph-sticksel@uiowa.edu\" -DPACKAGE_URL=\"\" -DHAVE_LIBPTHREAD=1'
ECHO_C='\c'
ECHO_N=''
ECHO_T=''
EXEEXT=''
LDFLAGS=''
LIBOBJS=''
LIBS='-lpthread '
LTLIBOBJS=''
OBJEXT='o'
OCAML='ocaml'
OCAMLBEST='opt'
OCAMLBUILD='ocamlbuild'
OCAMLC='ocamlc.opt'
OCAMLCDOTOPT='ocamlc.opt'
OCAMLDEP='ocamldep'
OCAMLDOC='ocamldoc'
OCAMLFIND='ocamlfind'
OCAMLLIB='/usr/local/lib/ocaml'
OCAMLMKLIB='ocamlmklib'
OCAMLMKTOP='ocamlmktop'
OCAMLOPT='ocamlopt.opt'
OCAMLOPTDOTOPT='ocamlopt.opt'
OCAMLVERSION='4.00.1'
PACKAGE_BUGREPORT='christoph-sticksel@uiowa.edu'
PACKAGE_NAME='ocamlczmq'
PACKAGE_STRING='ocamlczmq 0.9'
PACKAGE_TARNAME='ocamlczmq'
PACKAGE_URL=''
PACKAGE_VERSION='0.9'
PATH_SEPARATOR=':'
SHELL='/bin/sh'
ac_ct_CC='gcc'
bindir='${exec_prefix}/bin'
build_alias=''
datadir='${datarootdir}'
datarootdir='${prefix}/share'
docdir='${datarootdir}/doc/${PACKAGE_TARNAME}'
dvidir='${docdir}'
exec_prefix='${prefix}'
host_alias=''
htmldir='${docdir}'
includedir='${prefix}/include'
infodir='${datarootdir}/info'
libdir='${exec_prefix}/lib'
libexecdir='${exec_prefix}/libexec'
localedir='${datarootdir}/locale'
localstatedir='${prefix}/var'
mandir='${datarootdir}/man'
oldincludedir='/usr/include'
pdfdir='${docdir}'
prefix='/usr/local'
program_transform_name='s,x,x,'
psdir='${docdir}'
sbindir='${exec_prefix}/sbin'
sharedstatedir='${prefix}/com'
subdirs=' czmq'
sysconfdir='${prefix}/etc'
target_alias=''

## ----------- ##
## confdefs.h. ##
## ----------- ##

/* confdefs.h */
#define PACKAGE_NAME "ocamlczmq"
#define PACKAGE_TARNAME "ocamlczmq"
#define PACKAGE_VERSION "0.9"
#define PACKAGE_STRING "ocamlczmq 0.9"
#define PACKAGE_BUGREPORT "christoph-sticksel@uiowa.edu"
#define PACKAGE_URL ""
#define HAVE_LIBPTHREAD 1

configure: exit 0
